c:\users\yuvalyo\source\repos\hevd_solutions\hevd_solutions\debug\vc142.pdb
c:\users\yuvalyo\source\repos\hevd_solutions\hevd_solutions\debug\vc142.idb
c:\users\yuvalyo\source\repos\hevd_solutions\hevd_solutions\debug\tokenstealingshellcode.obj
c:\users\yuvalyo\source\repos\hevd_solutions\hevd_solutions\debug\solutions.obj
c:\users\yuvalyo\source\repos\hevd_solutions\hevd_solutions\debug\main.obj
c:\users\yuvalyo\source\repos\hevd_solutions\hevd_solutions\debug\bufferoverflow.obj
c:\users\yuvalyo\source\repos\hevd_solutions\debug\hevd_solutions.exe
c:\users\yuvalyo\source\repos\hevd_solutions\debug\hevd_solutions.ilk
c:\users\yuvalyo\source\repos\hevd_solutions\debug\hevd_solutions.pdb
c:\users\yuvalyo\source\repos\hevd_solutions\hevd_solutions\debug\hevd_solutions.tlog\cl.command.1.tlog
c:\users\yuvalyo\source\repos\hevd_solutions\hevd_solutions\debug\hevd_solutions.tlog\cl.read.1.tlog
c:\users\yuvalyo\source\repos\hevd_solutions\hevd_solutions\debug\hevd_solutions.tlog\cl.write.1.tlog
c:\users\yuvalyo\source\repos\hevd_solutions\hevd_solutions\debug\hevd_solutions.tlog\link.26516-cvtres.read.1.tlog
c:\users\yuvalyo\source\repos\hevd_solutions\hevd_solutions\debug\hevd_solutions.tlog\link.26516-cvtres.write.1.tlog
c:\users\yuvalyo\source\repos\hevd_solutions\hevd_solutions\debug\hevd_solutions.tlog\link.26516-rc.read.1.tlog
c:\users\yuvalyo\source\repos\hevd_solutions\hevd_solutions\debug\hevd_solutions.tlog\link.26516-rc.write.1.tlog
c:\users\yuvalyo\source\repos\hevd_solutions\hevd_solutions\debug\hevd_solutions.tlog\link.26516.read.1.tlog
c:\users\yuvalyo\source\repos\hevd_solutions\hevd_solutions\debug\hevd_solutions.tlog\link.26516.write.1.tlog
c:\users\yuvalyo\source\repos\hevd_solutions\hevd_solutions\debug\hevd_solutions.tlog\link.command.1.tlog
c:\users\yuvalyo\source\repos\hevd_solutions\hevd_solutions\debug\hevd_solutions.tlog\link.read.1.tlog
c:\users\yuvalyo\source\repos\hevd_solutions\hevd_solutions\debug\hevd_solutions.tlog\link.write.1.tlog
